<?xml version="1.0" encoding="UTF-8"?>
<testsuite name="com.apple.iTunesSearch.ITunesSearchApplicationTests" tests="1" skipped="0" failures="0" errors="0" timestamp="2023-07-30T13:01:55" hostname="Pavanis-MacBook-Pro.local" time="0.398">
  <properties/>
  <testcase name="contextLoads()" classname="com.apple.iTunesSearch.ITunesSearchApplicationTests" time="0.398"/>
  <system-out><![CDATA[18:31:54.704 [Test worker] INFO org.springframework.test.context.support.AnnotationConfigContextLoaderUtils -- Could not detect default configuration classes for test class [com.apple.iTunesSearch.ITunesSearchApplicationTests]: ITunesSearchApplicationTests does not declare any static, non-private, non-final, nested classes annotated with @Configuration.
18:31:54.744 [Test worker] INFO org.springframework.boot.test.context.SpringBootTestContextBootstrapper -- Found @SpringBootConfiguration com.apple.iTunesSearch.ITunesSearchApplication for test class com.apple.iTunesSearch.ITunesSearchApplicationTests

  .   ____          _            __ _ _
 /\\ / ___'_ __ _ _(_)_ __  __ _ \ \ \ \
( ( )\___ | '_ | '_| | '_ \/ _` | \ \ \ \
 \\/  ___)| |_)| | | | | || (_| |  ) ) ) )
  '  |____| .__|_| |_|_| |_\__, | / / / /
 =========|_|==============|___/=/_/_/_/
 :: Spring Boot ::                (v3.1.2)

2023-07-30T18:31:54.885+05:30  INFO 2672 --- [    Test worker] c.a.i.ITunesSearchApplicationTests       : Starting ITunesSearchApplicationTests using Java 17.0.7 with PID 2672 (started by pavanisobbana in /Users/pavanisobbana/Documents/projects/iTunesSearch)
2023-07-30T18:31:54.885+05:30  INFO 2672 --- [    Test worker] c.a.i.ITunesSearchApplicationTests       : No active profile set, falling back to 1 default profile: "default"
2023-07-30T18:31:55.329+05:30  INFO 2672 --- [    Test worker] c.a.i.ITunesSearchApplicationTests       : Started ITunesSearchApplicationTests in 0.532 seconds (process running for 0.998)
]]></system-out>
  <system-err><![CDATA[]]></system-err>
</testsuite>
